shut down a361eda9-722e-43c8-b2f5-552657b9b78f 75737
process exit 75737
worker 75737 died. restart... false
soft kill 75793
shut down 1713b276-d467-4333-b92e-a98c7a144577 75793
process exit 75793
soft kill 75756
soft kill 75776
shut down ec25723d-d856-4dce-b261-9d6a65ed17ba 75756
process exit 75756
shut down 3c6ad36c-a5c9-49c7-b7bc-22bdc682ed73 75754
process exit 75754
soft kill 75752
shut down 574e09f0-3f22-4a85-b4f4-34349bf85ce1 75752
soft kill 75750
shut down 4ecbaf70-a0c0-499c-84d8-3829f71f29e2 75750
process exit 75752
process exit 75750
soft kill 75731
shut down 8494d665-d352-408d-9185-b51aeff3d865 75731
process exit 75731
soft kill 75725
shut down 64e88987-d969-4815-86fb-ded7f11ba01b 75725
soft kill 75720
process exit 75725
shut down be646d15-251c-4841-8a22-f104bbf4079b 75720
soft kill 75708
prosoft kill 75706
worker 75793 died. restart... false
worker 75756 died. restart... false
worker 75754 died. restart... false
worker 75752 died. restart... false
worker 75750 died. restart... false
worker 75748 died. restart... false
worker 75743 died. restart... false
worker 75733 died. restart... false
process exit 75706
restart... false
worker 75771 died. restart... false
worker 75770 died. restart... false
worker 75768 died. restart... false
worker 75761 died. restart... false
worker 75723 died. restart... false
process exit 75710
restart... false
worker 75806 died. restart... false
worker 75805 died. restart... false
process exit 75700
restart... false
worker 75738 died. restart... false
worker 75722 died. restart... false
process exit 75704
